{
  "stats": {
    "suites": 1,
    "tests": 1,
    "passes": 1,
    "pending": 0,
    "failures": 0,
    "start": "2023-08-21T05:20:40.924Z",
    "end": "2023-08-21T05:20:41.273Z",
    "duration": 349,
    "testsRegistered": 1,
    "passPercent": 100,
    "pendingPercent": 0,
    "other": 0,
    "hasOther": false,
    "skipped": 0,
    "hasSkipped": false
  },
  "results": [
    {
      "uuid": "25d772ad-33aa-4b8a-9a7f-a0237db26f0e",
      "title": "",
      "fullFile": "E:\\Finezoom\\API-Automation\\test\\quiklyzExperian.js",
      "file": "\\test\\quiklyzExperian.js",
      "beforeHooks": [],
      "afterHooks": [],
      "tests": [],
      "suites": [
        {
          "uuid": "362d4c4c-9486-4a68-b9d3-71f737a72f73",
          "title": "quiklyz",
          "fullFile": "E:\\Finezoom\\API-Automation\\test\\quiklyzExperian.js",
          "file": "\\test\\quiklyzExperian.js",
          "beforeHooks": [],
          "afterHooks": [],
          "tests": [
            {
              "title": "Experian smart match",
              "fullTitle": "quiklyz Experian smart match",
              "timedOut": false,
              "duration": 344,
              "state": "passed",
              "speed": "slow",
              "pass": true,
              "fail": false,
              "pending": false,
              "context": null,
              "code": "var data1 = {\n  \"INProfileRequest\": {\n    \"Applicant\": {\n      \"SurName\": \"Unmesh\",\n      \"FirstName\": \"jadhao\",\n      \"MobilePhone\": \"9527345500\"\n    }\n  }\n};\nreturn request.post(\"\".concat(endpoint)).set('x-ibm-client-id', 'dc52d3cf-c452-4d27-91e0-68f31d5c7669').set('Content-Type', 'application/json').set('Scrub_Type', 'RM').set('Request_Token', '1005').set('Accept-Encoding', 'gzip, deflate, br').set('Accept', '*/*').send(data1).then(function (res) {\n  console.log(res.body);\n});",
              "err": {},
              "uuid": "4588c60a-e818-43dd-b752-40185cf3d44b",
              "parentUUID": "362d4c4c-9486-4a68-b9d3-71f737a72f73",
              "isHook": false,
              "skipped": false
            }
          ],
          "suites": [],
          "passes": [
            "4588c60a-e818-43dd-b752-40185cf3d44b"
          ],
          "failures": [],
          "pending": [],
          "skipped": [],
          "duration": 344,
          "root": false,
          "rootEmpty": false,
          "_timeout": 15000
        }
      ],
      "passes": [],
      "failures": [],
      "pending": [],
      "skipped": [],
      "duration": 0,
      "root": true,
      "rootEmpty": true,
      "_timeout": 15000
    }
  ],
  "meta": {
    "mocha": {
      "version": "10.2.0"
    },
    "mochawesome": {
      "options": {
        "quiet": false,
        "reportFilename": "mochawesome",
        "saveHtml": true,
        "saveJson": true,
        "consoleReporter": "spec",
        "useInlineDiffs": false,
        "code": true
      },
      "version": "7.1.3"
    },
    "marge": {
      "options": null,
      "version": "6.2.0"
    }
  }
}